[byrushan.com/projects/super-admin/app/2.1.2/index.html]
[backblue.gif]
[fade.gif]
[index.html]
[byrushan.com/projects/super-admin/app/2.1.2/vendors/bower_components/material-design-iconic-font/dist/css/material-design-iconic-font.min.css]
[byrushan.com/projects/super-admin/app/2.1.2/vendors/bower_components/animate.css/animate.min.css]
[byrushan.com/projects/super-admin/app/2.1.2/vendors/bower_components/jquery.scrollbar/jquery.scrollbar.css]
[byrushan.com/projects/super-admin/app/2.1.2/vendors/bower_components/fullcalendar/dist/fullcalendar.min.css]
[byrushan.com/projects/super-admin/app/2.1.2/index-2.html]
[byrushan.com/projects/super-admin/app/2.1.2/messages.html]
[byrushan.com/projects/super-admin/app/2.1.2/demo/img/profile-pics/1.jpg]
[byrushan.com/projects/super-admin/app/2.1.2/demo/img/profile-pics/2.jpg]
[byrushan.com/projects/super-admin/app/2.1.2/demo/img/profile-pics/3.jpg]
[byrushan.com/projects/super-admin/app/2.1.2/demo/img/profile-pics/4.jpg]
[byrushan.com/projects/super-admin/app/2.1.2/css/app.min.css]
[byrushan.com/projects/super-admin/app/2.1.2/demo/img/profile-pics/5.jpg]
[byrushan.com/projects/super-admin/app/2.1.2/demo/img/profile-pics/8.jpg]
[byrushan.com/projects/super-admin/app/2.1.2/hidden-sidebar.html]
[byrushan.com/projects/super-admin/app/2.1.2/boxed-layout.html]
[byrushan.com/projects/super-admin/app/2.1.2/hidden-sidebar-boxed-layout.html]
[byrushan.com/projects/super-admin/app/2.1.2/typography.html]
[byrushan.com/projects/super-admin/app/2.1.2/widgets.html]
[byrushan.com/projects/super-admin/app/2.1.2/data-table.html]
[byrushan.com/projects/super-admin/app/2.1.2/form-elements.html]
[byrushan.com/projects/super-admin/app/2.1.2/form-components.html]
[byrushan.com/projects/super-admin/app/2.1.2/html-table.html]
[byrushan.com/projects/super-admin/app/2.1.2/form-validation.html]
[byrushan.com/projects/super-admin/app/2.1.2/colors.html]
[byrushan.com/projects/super-admin/app/2.1.2/css-animations.html]
[byrushan.com/projects/super-admin/app/2.1.2/buttons.html]
[byrushan.com/projects/super-admin/app/2.1.2/icons.html]
[byrushan.com/projects/super-admin/app/2.1.2/listview.html]
[byrushan.com/projects/super-admin/app/2.1.2/toolbars.html]
[byrushan.com/projects/super-admin/app/2.1.2/alerts.html]
[byrushan.com/projects/super-admin/app/2.1.2/cards.html]
[byrushan.com/projects/super-admin/app/2.1.2/badges.html]
[byrushan.com/projects/super-admin/app/2.1.2/breadcrumbs.html]
[byrushan.com/projects/super-admin/app/2.1.2/navs.html]
[byrushan.com/projects/super-admin/app/2.1.2/jumbotron.html]
[byrushan.com/projects/super-admin/app/2.1.2/pagination.html]
[byrushan.com/projects/super-admin/app/2.1.2/progress.html]
[byrushan.com/projects/super-admin/app/2.1.2/carousel.html]
[byrushan.com/projects/super-admin/app/2.1.2/collapse.html]
[byrushan.com/projects/super-admin/app/2.1.2/modals.html]
[byrushan.com/projects/super-admin/app/2.1.2/dropdowns.html]
[byrushan.com/projects/super-admin/app/2.1.2/popover.html]
[byrushan.com/projects/super-admin/app/2.1.2/tabs.html]
[byrushan.com/projects/super-admin/app/2.1.2/tooltips.html]
[byrushan.com/projects/super-admin/app/2.1.2/treeview.html]
[byrushan.com/projects/super-admin/app/2.1.2/flot-charts.html]
[byrushan.com/projects/super-admin/app/2.1.2/other-charts.html]
[byrushan.com/projects/super-admin/app/2.1.2/notifications-alerts.html]
[byrushan.com/projects/super-admin/app/2.1.2/profile-about.html]
[byrushan.com/projects/super-admin/app/2.1.2/calendar.html]
[byrushan.com/projects/super-admin/app/2.1.2/contacts.html]
[byrushan.com/projects/super-admin/app/2.1.2/photo-gallery.html]
[byrushan.com/projects/super-admin/app/2.1.2/groups.html]
[byrushan.com/projects/super-admin/app/2.1.2/new-contact.html]
[byrushan.com/projects/super-admin/app/2.1.2/invoice.html]
[byrushan.com/projects/super-admin/app/2.1.2/todo-lists.html]
[byrushan.com/projects/super-admin/app/2.1.2/pricing-tables.html]
[byrushan.com/projects/super-admin/app/2.1.2/notes.html]
[byrushan.com/projects/super-admin/app/2.1.2/search-results.html]
[byrushan.com/projects/super-admin/app/2.1.2/issue-tracker.html]
[byrushan.com/projects/super-admin/app/2.1.2/faq.html]
[byrushan.com/projects/super-admin/app/2.1.2/team.html]
[byrushan.com/projects/super-admin/app/2.1.2/blog.html]
[byrushan.com/projects/super-admin/app/2.1.2/blog-detail.html]
[byrushan.com/projects/super-admin/app/2.1.2/questions-answers-details.html]
[byrushan.com/projects/super-admin/app/2.1.2/login.html]
[byrushan.com/projects/super-admin/app/2.1.2/questions-answers.html]
[byrushan.com/projects/super-admin/app/2.1.2/lockscreen.html]
[byrushan.com/projects/super-admin/app/2.1.2/404.html]
[byrushan.com/projects/super-admin/app/2.1.2/img/bg/1.jpg]
[byrushan.com/projects/super-admin/app/2.1.2/empty.html]
[byrushan.com/projects/super-admin/app/2.1.2/img/bg/2.jpg]
[byrushan.com/projects/super-admin/app/2.1.2/img/bg/3.jpg]
[byrushan.com/projects/super-admin/app/2.1.2/img/bg/4.jpg]
[byrushan.com/projects/super-admin/app/2.1.2/img/bg/5.jpg]
[byrushan.com/projects/super-admin/app/2.1.2/img/bg/6.jpg]
[byrushan.com/projects/super-admin/app/2.1.2/img/bg/7.jpg]
[byrushan.com/projects/super-admin/app/2.1.2/img/bg/8.jpg]
[byrushan.com/projects/super-admin/app/2.1.2/img/bg/9.jpg]
[byrushan.com/projects/super-admin/app/2.1.2/img/bg/10.jpg]
[byrushan.com/projects/super-admin/app/2.1.2/todos.50.delayed]
[byrushan.com/projects/super-admin/app/2.1.2/vendors/bower_components/jquery/dist/jquery.min.js]
[byrushan.com/projects/super-admin/app/2.1.2/vendors/bower_components/popper.js/dist/umd/popper.min.js]
[byrushan.com/projects/super-admin/app/2.1.2/vendors/bower_components/bootstrap/dist/js/bootstrap.min.js]
[byrushan.com/projects/super-admin/app/2.1.2/vendors/bower_components/jquery.scrollbar/jquery.scrollbar.min.js]
[byrushan.com/projects/super-admin/app/2.1.2/vendors/bower_components/jquery-scrollLock/jquery-scrollLock.min.js]
[byrushan.com/projects/super-admin/app/2.1.2/vendors/bower_components/salvattore/dist/salvattore.min.js]
[byrushan.com/projects/super-admin/app/2.1.2/vendors/bower_components/flot/jquery.flot.js]
[byrushan.com/projects/super-admin/app/2.1.2/vendors/bower_components/flot/jquery.flot.resize.js]
[byrushan.com/projects/super-admin/app/2.1.2/vendors/bower_components/flot.curvedlines/curvedLines.js]
[byrushan.com/projects/super-admin/app/2.1.2/vendors/bower_components/jqvmap/dist/jquery.vmap.min.js]
[byrushan.com/projects/super-admin/app/2.1.2/vendors/bower_components/jqvmap/dist/maps/jquery.vmap.world.js]
[byrushan.com/projects/super-admin/app/2.1.2/vendors/bower_components/jquery.easy-pie-chart/dist/jquery.easypiechart.min.js]
[byrushan.com/projects/super-admin/app/2.1.2/vendors/bower_components/peity/jquery.peity.min.js]
[byrushan.com/projects/super-admin/app/2.1.2/vendors/bower_components/moment/min/moment.min.js]
[byrushan.com/projects/super-admin/app/2.1.2/vendors/bower_components/fullcalendar/dist/fullcalendar.min.js]
[byrushan.com/projects/super-admin/app/2.1.2/demo/js/flot-charts/curved-line.js]
[byrushan.com/projects/super-admin/app/2.1.2/demo/js/flot-charts/line.js]
[byrushan.com/projects/super-admin/app/2.1.2/demo/js/flot-charts/dynamic.js]
[byrushan.com/projects/super-admin/app/2.1.2/demo/js/flot-charts/chart-tooltips.js]
[byrushan.com/projects/super-admin/app/2.1.2/demo/js/other-charts.js]
[byrushan.com/projects/super-admin/app/2.1.2/demo/js/jqvmap.js]
[byrushan.com/projects/super-admin/app/2.1.2/index.html]
[byrushan.com/projects/super-admin/app/2.1.2/js/app.min.js]
[byrushan.com/projects/super-admin/app/2.1.2/vendors/bower_components/material-design-iconic-font/dist/fonts/Material-Design-Iconic-Fontd1f1.woff]
[byrushan.com/projects/super-admin/app/2.1.2/vendors/bower_components/material-design-iconic-font/dist/css/material-design-iconic-font.min.css]
[byrushan.com/projects/super-admin/app/2.1.2/vendors/bower_components/material-design-iconic-font/dist/fonts/Material-Design-Iconic-Fontd1f1.ttf]
[byrushan.com/projects/super-admin/app/2.1.2/vendors/bower_components/material-design-iconic-font/dist/fonts/Material-Design-Iconic-Fontd1f1.woff2]
[byrushan.com/projects/super-admin/app/2.1.2/vendors/bower_components/animate.css/animate.min.css]
[byrushan.com/projects/super-admin/app/2.1.2/vendors/bower_components/jquery.scrollbar/jquery.scrollbar.css]
[byrushan.com/projects/super-admin/app/2.1.2/vendors/bower_components/fullcalendar/dist/fullcalendar.min.css]
[byrushan.com/projects/super-admin/app/2.1.2/fonts/nunito/nunito-regular.eot]
[byrushan.com/projects/super-admin/app/2.1.2/fonts/nunito/nunito-regulard41d]
[byrushan.com/projects/super-admin/app/2.1.2/fonts/nunito/nunito-regular.woff]
[byrushan.com/projects/super-admin/app/2.1.2/fonts/nunito/nunito-semibold.eot]
[byrushan.com/projects/super-admin/app/2.1.2/fonts/nunito/nunito-regular.woff2]
[byrushan.com/projects/super-admin/app/2.1.2/fonts/nunito/nunito-semibold.woff]
[byrushan.com/projects/super-admin/app/2.1.2/fonts/nunito/nunito-semiboldd41d.eot]
[byrushan.com/projects/super-admin/app/2.1.2/fonts/nunito/nunito-semibold.woff2]
[byrushan.com/projects/super-admin/app/2.1.2/fonts/nunito/nunito-bold.eot]
[byrushan.com/projects/super-admin/app/2.1.2/fonts/nunito/nunito-boldd41d.eot]
[byrushan.com/projects/super-admin/app/2.1.2/fonts/nunito/nunito-bold.woff]
[byrushan.com/projects/super-admin/app/2.1.2/fonts/nunito/nunito-bold.woff2]
[byrushan.com/projects/super-admin/app/2.1.2/img/calendar/january.jpg]
[byrushan.com/projects/super-admin/app/2.1.2/img/calendar/february.jpg]
[byrushan.com/projects/super-admin/app/2.1.2/img/calendar/march.jpg]
[byrushan.com/projects/super-admin/app/2.1.2/img/calendar/april.jpg]
[byrushan.com/projects/super-admin/app/2.1.2/img/calendar/may.jpg]
[byrushan.com/projects/super-admin/app/2.1.2/img/calendar/june.jpg]
[byrushan.com/projects/super-admin/app/2.1.2/img/calendar/july.jpg]
[byrushan.com/projects/super-admin/app/2.1.2/img/calendar/august.jpg]
[byrushan.com/projects/super-admin/app/2.1.2/img/calendar/september.jpg]
[byrushan.com/projects/super-admin/app/2.1.2/img/calendar/october.jpg]
[byrushan.com/projects/super-admin/app/2.1.2/img/calendar/november.jpg]
[byrushan.com/projects/super-admin/app/2.1.2/css/app.min.css]
[byrushan.com/projects/super-admin/app/2.1.2/index-2.html]
[byrushan.com/projects/super-admin/app/2.1.2/messages.html]
[byrushan.com/projects/super-admin/app/2.1.2/img/calendar/december.jpg]
[byrushan.com/projects/super-admin/app/2.1.2/demo/img/widgets/note.jpg]
[byrushan.com/projects/super-admin/app/2.1.2/demo/img/flags/United_States_of_America.png]
[byrushan.com/projects/super-admin/app/2.1.2/demo/img/flags/Australia.png]
[byrushan.com/projects/super-admin/app/2.1.2/demo/img/flags/Brazil.png]
[byrushan.com/projects/super-admin/app/2.1.2/demo/img/flags/South_Korea.png]
[byrushan.com/projects/super-admin/app/2.1.2/hidden-sidebar.html]
[byrushan.com/projects/super-admin/app/2.1.2/boxed-layout.html]
[byrushan.com/projects/super-admin/app/2.1.2/hidden-sidebar-boxed-layout.html]
[byrushan.com/projects/super-admin/app/2.1.2/typography.html]
[byrushan.com/projects/super-admin/app/2.1.2/demo/img/flags/Japan.png]
[byrushan.com/projects/super-admin/app/2.1.2/vendors/bower_components/jqTree/jqtree.css]
[byrushan.com/projects/super-admin/app/2.1.2/demo/img/widgets/headers/1.png]
[byrushan.com/projects/super-admin/app/2.1.2/demo/img/widgets/headers/2.png]
[byrushan.com/projects/super-admin/app/2.1.2/demo/img/widgets/headers/3.png]
[byrushan.com/projects/super-admin/app/2.1.2/demo/img/widgets/headers/4.png]
[byrushan.com/projects/super-admin/app/2.1.2/demo/img/widgets/headers/5.png]
[byrushan.com/projects/super-admin/app/2.1.2/demo/img/widgets/headers/6.png]
[byrushan.com/projects/super-admin/app/2.1.2/demo/img/widgets/headers/7.png]
[byrushan.com/projects/super-admin/app/2.1.2/demo/img/widgets/headers/8.png]
[byrushan.com/projects/super-admin/app/2.1.2/demo/img/widgets/headers/9.png]
[byrushan.com/projects/super-admin/app/2.1.2/demo/img/profile-pics/6.jpg]
[byrushan.com/projects/super-admin/app/2.1.2/demo/img/profile-pics/7.jpg]
[byrushan.com/projects/super-admin/app/2.1.2/demo/img/profile-pics/profile-pic.jpg]
[byrushan.com/projects/super-admin/app/2.1.2/demo/img/widgets/map.png]
[byrushan.com/projects/super-admin/app/2.1.2/vendors/bower_components/jqTree/tree.jquery.js]
[byrushan.com/projects/super-admin/app/2.1.2/widgets.html]
[byrushan.com/projects/super-admin/app/2.1.2/html-table.html]
[byrushan.com/projects/super-admin/app/2.1.2/vendors/bower_components/datatables.net/js/jquery.dataTables.min.js]
[byrushan.com/projects/super-admin/app/2.1.2/vendors/bower_components/datatables.net-buttons/js/dataTables.buttons.min.js]
[byrushan.com/projects/super-admin/app/2.1.2/vendors/bower_components/datatables.net-buttons/js/buttons.print.min.js]
[byrushan.com/projects/super-admin/app/2.1.2/vendors/bower_components/jszip/dist/jszip.min.js]
[byrushan.com/projects/super-admin/app/2.1.2/vendors/bower_components/datatables.net-buttons/js/buttons.html5.min.js]
[byrushan.com/projects/super-admin/app/2.1.2/data-table.html]
[byrushan.com/projects/super-admin/app/2.1.2/form-elements.html]
[byrushan.com/projects/super-admin/app/2.1.2/vendors/bower_components/autosize/dist/autosize.min.js]
[byrushan.com/projects/super-admin/app/2.1.2/vendors/bower_components/select2/dist/css/select2.min.css]
[byrushan.com/projects/super-admin/app/2.1.2/vendors/bower_components/dropzone/dist/dropzone.css]
[byrushan.com/projects/super-admin/app/2.1.2/vendors/bower_components/flatpickr/dist/flatpickr.min.css]
[byrushan.com/projects/super-admin/app/2.1.2/vendors/bower_components/nouislider/distribute/nouislider.min.css]
[byrushan.com/projects/super-admin/app/2.1.2/vendors/bower_components/bootstrap-colorpicker/dist/css/bootstrap-colorpicker.css]
[byrushan.com/projects/super-admin/app/2.1.2/vendors/bower_components/trumbowyg/dist/ui/trumbowyg.min.css]
[byrushan.com/projects/super-admin/app/2.1.2/vendors/bower_components/rateYo/min/jquery.rateyo.min.css]
[byrushan.com/projects/super-admin/app/2.1.2/demo/css/demo.css]
[byrushan.com/projects/super-admin/app/2.1.2/vendors/bower_components/jquery-mask-plugin/dist/jquery.mask.min.js]
[byrushan.com/projects/super-admin/app/2.1.2/vendors/bower_components/select2/dist/js/select2.full.min.js]
[byrushan.com/projects/super-admin/app/2.1.2/vendors/bower_components/dropzone/dist/min/dropzone.min.js]
[byrushan.com/projects/super-admin/app/2.1.2/vendors/bower_components/flatpickr/dist/flatpickr.min.js]
[byrushan.com/projects/super-admin/app/2.1.2/vendors/bower_components/nouislider/distribute/nouislider.min.js]
[byrushan.com/projects/super-admin/app/2.1.2/vendors/bower_components/bootstrap-colorpicker/dist/js/bootstrap-colorpicker.min.js]
[byrushan.com/projects/super-admin/app/2.1.2/vendors/bower_components/trumbowyg/dist/trumbowyg.min.js]
[byrushan.com/projects/super-admin/app/2.1.2/vendors/bower_components/rateYo/min/jquery.rateyo.min.js]
[byrushan.com/projects/super-admin/app/2.1.2/form-components.html]
[byrushan.com/projects/super-admin/app/2.1.2/vendors/bower_components/jquery-text-counter/textcounter.min.js]
[byrushan.com/projects/super-admin/app/2.1.2/form-validation.html]
[byrushan.com/projects/super-admin/app/2.1.2/colors.html]
[byrushan.com/projects/super-admin/app/2.1.2/demo/img/headers/sm/1.png]
[byrushan.com/projects/super-admin/app/2.1.2/demo/img/headers/sm/6.png]
[byrushan.com/projects/super-admin/app/2.1.2/demo/img/headers/sm/7.png]
[byrushan.com/projects/super-admin/app/2.1.2/demo/img/headers/sm/2.png]
[byrushan.com/projects/super-admin/app/2.1.2/demo/img/headers/sm/3.png]
[byrushan.com/projects/super-admin/app/2.1.2/demo/img/headers/sm/8.png]
[byrushan.com/projects/super-admin/app/2.1.2/demo/img/headers/sm/9.png]
[byrushan.com/projects/super-admin/app/2.1.2/demo/img/headers/sm/4.png]
[byrushan.com/projects/super-admin/app/2.1.2/demo/img/headers/sm/5.png]
[byrushan.com/projects/super-admin/app/2.1.2/demo/js/demo.js]
[byrushan.com/projects/super-admin/app/2.1.2/css-animations.html]
[byrushan.com/projects/super-admin/app/2.1.2/buttons.html]
[byrushan.com/projects/super-admin/app/2.1.2/icons.html]
[byrushan.com/projects/super-admin/app/2.1.2/listview.html]
[byrushan.com/projects/super-admin/app/2.1.2/toolbars.html]
[byrushan.com/projects/super-admin/app/2.1.2/demo/img/headers/6.png]
[byrushan.com/projects/super-admin/app/2.1.2/demo/img/headers/4.png]
[byrushan.com/projects/super-admin/app/2.1.2/cards.html]
[byrushan.com/projects/super-admin/app/2.1.2/alerts.html]
[byrushan.com/projects/super-admin/app/2.1.2/badges.html]
[byrushan.com/projects/super-admin/app/2.1.2/breadcrumbs.html]
[byrushan.com/projects/super-admin/app/2.1.2/jumbotron.html]
[byrushan.com/projects/super-admin/app/2.1.2/navs.html]
[byrushan.com/projects/super-admin/app/2.1.2/pagination.html]
[byrushan.com/projects/super-admin/app/2.1.2/progress.html]
[byrushan.com/projects/super-admin/app/2.1.2/demo/img/card-img-overlay.jpg]
[byrushan.com/projects/super-admin/app/2.1.2/demo/img/carousel/c-1.jpg]
[byrushan.com/projects/super-admin/app/2.1.2/demo/img/carousel/c-2.jpg]
[byrushan.com/projects/super-admin/app/2.1.2/demo/img/carousel/c-3.jpg]
[byrushan.com/projects/super-admin/app/2.1.2/carousel.html]
[byrushan.com/projects/super-admin/app/2.1.2/collapse.html]
[byrushan.com/projects/super-admin/app/2.1.2/dropdowns.html]
[byrushan.com/projects/super-admin/app/2.1.2/modals.html]
[byrushan.com/projects/super-admin/app/2.1.2/popover.html]
[byrushan.com/projects/super-admin/app/2.1.2/tabs.html]
[byrushan.com/projects/super-admin/app/2.1.2/tooltips.html]
[byrushan.com/projects/super-admin/app/2.1.2/vendors/bower_components/sweetalert2/dist/sweetalert2.min.css]
[byrushan.com/projects/super-admin/app/2.1.2/vendors/bower_components/remarkable-bootstrap-notify/dist/bootstrap-notify.min.js]
[byrushan.com/projects/super-admin/app/2.1.2/vendors/bower_components/sweetalert2/dist/sweetalert2.min.js]
[byrushan.com/projects/super-admin/app/2.1.2/notifications-alerts.html]
[byrushan.com/projects/super-admin/app/2.1.2/treeview.html]
[byrushan.com/projects/super-admin/app/2.1.2/vendors/bower_components/flot/jquery.flot.pie.js]
[byrushan.com/projects/super-admin/app/2.1.2/vendors/bower_components/flot.orderbars/js/jquery.flot.orderBars.js]
[byrushan.com/projects/super-admin/app/2.1.2/demo/js/flot-charts/bar.js]
[byrushan.com/projects/super-admin/app/2.1.2/demo/js/flot-charts/pie.js]
[byrushan.com/projects/super-admin/app/2.1.2/flot-charts.html]
[byrushan.com/projects/super-admin/app/2.1.2/other-charts.html]
[byrushan.com/projects/super-admin/app/2.1.2/calendar.html]
[byrushan.com/projects/super-admin/app/2.1.2/vendors/bower_components/lightgallery/dist/css/lightgallery.min.css]
[byrushan.com/projects/super-admin/app/2.1.2/demo/img/gallery/1.jpg]
[byrushan.com/projects/super-admin/app/2.1.2/demo/img/gallery/thumbs/1.jpg]
[byrushan.com/projects/super-admin/app/2.1.2/demo/img/gallery/2.jpg]
[byrushan.com/projects/super-admin/app/2.1.2/demo/img/gallery/thumbs/2.jpg]
[byrushan.com/projects/super-admin/app/2.1.2/demo/img/gallery/3.jpg]
[byrushan.com/projects/super-admin/app/2.1.2/demo/img/gallery/thumbs/3.jpg]
[byrushan.com/projects/super-admin/app/2.1.2/demo/img/gallery/4.jpg]
[byrushan.com/projects/super-admin/app/2.1.2/demo/img/gallery/thumbs/4.jpg]
[byrushan.com/projects/super-admin/app/2.1.2/demo/img/gallery/5.jpg]
[byrushan.com/projects/super-admin/app/2.1.2/demo/img/gallery/thumbs/5.jpg]
[byrushan.com/projects/super-admin/app/2.1.2/demo/img/gallery/6.jpg]
[byrushan.com/projects/super-admin/app/2.1.2/demo/img/gallery/thumbs/6.jpg]
[byrushan.com/projects/super-admin/app/2.1.2/demo/img/gallery/7.jpg]
[byrushan.com/projects/super-admin/app/2.1.2/demo/img/gallery/thumbs/7.jpg]
[byrushan.com/projects/super-admin/app/2.1.2/demo/img/gallery/8.jpg]
[byrushan.com/projects/super-admin/app/2.1.2/demo/img/gallery/thumbs/8.jpg]
[byrushan.com/projects/super-admin/app/2.1.2/demo/img/gallery/9.jpg]
[byrushan.com/projects/super-admin/app/2.1.2/demo/img/gallery/thumbs/9.jpg]
[byrushan.com/projects/super-admin/app/2.1.2/demo/img/gallery/10.jpg]
[byrushan.com/projects/super-admin/app/2.1.2/demo/img/gallery/thumbs/10.jpg]
[byrushan.com/projects/super-admin/app/2.1.2/demo/img/gallery/11.jpg]
[byrushan.com/projects/super-admin/app/2.1.2/demo/img/gallery/thumbs/11.jpg]
[byrushan.com/projects/super-admin/app/2.1.2/demo/img/gallery/12.jpg]
[byrushan.com/projects/super-admin/app/2.1.2/demo/img/gallery/thumbs/12.jpg]
[byrushan.com/projects/super-admin/app/2.1.2/demo/img/gallery/13.jpg]
[byrushan.com/projects/super-admin/app/2.1.2/demo/img/gallery/thumbs/13.jpg]
[byrushan.com/projects/super-admin/app/2.1.2/demo/img/gallery/14.jpg]
[byrushan.com/projects/super-admin/app/2.1.2/demo/img/gallery/thumbs/14.jpg]
[byrushan.com/projects/super-admin/app/2.1.2/demo/img/gallery/15.jpg]
[byrushan.com/projects/super-admin/app/2.1.2/demo/img/gallery/thumbs/15.jpg]
[byrushan.com/projects/super-admin/app/2.1.2/demo/img/gallery/16.jpg]
[byrushan.com/projects/super-admin/app/2.1.2/demo/img/gallery/thumbs/16.jpg]
[byrushan.com/projects/super-admin/app/2.1.2/demo/img/gallery/17.jpg]
[byrushan.com/projects/super-admin/app/2.1.2/demo/img/gallery/18.jpg]
[byrushan.com/projects/super-admin/app/2.1.2/demo/img/gallery/thumbs/18.jpg]
[byrushan.com/projects/super-admin/app/2.1.2/demo/img/gallery/19.jpg]
[byrushan.com/projects/super-admin/app/2.1.2/demo/img/gallery/thumbs/19.jpg]
[byrushan.com/projects/super-admin/app/2.1.2/demo/img/gallery/20.jpg]
[byrushan.com/projects/super-admin/app/2.1.2/demo/img/gallery/thumbs/20.jpg]
[byrushan.com/projects/super-admin/app/2.1.2/demo/img/gallery/21.jpg]
[byrushan.com/projects/super-admin/app/2.1.2/demo/img/gallery/thumbs/21.jpg]
[byrushan.com/projects/super-admin/app/2.1.2/demo/img/gallery/22.jpg]
[byrushan.com/projects/super-admin/app/2.1.2/demo/img/gallery/thumbs/22.jpg]
[byrushan.com/projects/super-admin/app/2.1.2/demo/img/gallery/23.jpg]
[byrushan.com/projects/super-admin/app/2.1.2/demo/img/gallery/thumbs/23.jpg]
[byrushan.com/projects/super-admin/app/2.1.2/demo/img/gallery/24.jpg]
[byrushan.com/projects/super-admin/app/2.1.2/demo/img/gallery/thumbs/24.jpg]
[byrushan.com/projects/super-admin/app/2.1.2/photo-gallery.html]
[byrushan.com/projects/super-admin/app/2.1.2/vendors/bower_components/lightgallery/dist/js/lightgallery-all.min.js]
[byrushan.com/projects/super-admin/app/2.1.2/demo/img/contacts/2.jpg]
[byrushan.com/projects/super-admin/app/2.1.2/profile-photos.html]
[byrushan.com/projects/super-admin/app/2.1.2/profile-contacts.html]
[byrushan.com/projects/super-admin/app/2.1.2/profile-about.html]
[byrushan.com/projects/super-admin/app/2.1.2/demo/img/contacts/1.jpg]
[byrushan.com/projects/super-admin/app/2.1.2/demo/img/contacts/3.jpg]
[byrushan.com/projects/super-admin/app/2.1.2/demo/img/contacts/4.jpg]
[byrushan.com/projects/super-admin/app/2.1.2/demo/img/contacts/5.jpg]
[byrushan.com/projects/super-admin/app/2.1.2/demo/img/contacts/6.jpg]
[byrushan.com/projects/super-admin/app/2.1.2/demo/img/contacts/7.jpg]
[byrushan.com/projects/super-admin/app/2.1.2/demo/img/contacts/8.jpg]
[byrushan.com/projects/super-admin/app/2.1.2/demo/img/contacts/9.jpg]
[byrushan.com/projects/super-admin/app/2.1.2/demo/img/contacts/10.jpg]
[byrushan.com/projects/super-admin/app/2.1.2/demo/img/contacts/11.jpg]
[byrushan.com/projects/super-admin/app/2.1.2/demo/img/contacts/12.jpg]
[byrushan.com/projects/super-admin/app/2.1.2/demo/img/contacts/13.jpg]
[byrushan.com/projects/super-admin/app/2.1.2/demo/img/contacts/14.jpg]
[byrushan.com/projects/super-admin/app/2.1.2/demo/img/contacts/15.jpg]
[byrushan.com/projects/super-admin/app/2.1.2/contacts.html]
[byrushan.com/projects/super-admin/app/2.1.2/demo/img/contacts/16.jpg]
[byrushan.com/projects/super-admin/app/2.1.2/new-contact.html]
[byrushan.com/projects/super-admin/app/2.1.2/groups.html]
[byrushan.com/projects/super-admin/app/2.1.2/pricing-tables.html]
[byrushan.com/projects/super-admin/app/2.1.2/demo/img/contacts/user_empty.png]
[byrushan.com/projects/super-admin/app/2.1.2/invoice.html]
[byrushan.com/projects/super-admin/app/2.1.2/todo-lists.html]
[byrushan.com/projects/super-admin/app/2.1.2/demo/img/invoice-logo.png]
[byrushan.com/projects/super-admin/app/2.1.2/notes.html]
[byrushan.com/projects/super-admin/app/2.1.2/search-results.html]
[byrushan.com/projects/super-admin/app/2.1.2/issue-tracker.html]
[byrushan.com/projects/super-admin/app/2.1.2/faq.html]
[byrushan.com/projects/super-admin/app/2.1.2/team.html]
[byrushan.com/projects/super-admin/app/2.1.2/vendors/bower_components/Clamp.js/clamp.js]
[byrushan.com/projects/super-admin/app/2.1.2/demo/img/blog/1.jpg]
[byrushan.com/projects/super-admin/app/2.1.2/demo/img/blog/2.jpg]
[byrushan.com/projects/super-admin/app/2.1.2/demo/img/blog/3.jpg]
[byrushan.com/projects/super-admin/app/2.1.2/blog.html]
[byrushan.com/projects/super-admin/app/2.1.2/demo/img/blog/4.jpg]
[byrushan.com/projects/super-admin/app/2.1.2/blog-detail.html]
[byrushan.com/projects/super-admin/app/2.1.2/questions-answers.html]
[byrushan.com/projects/super-admin/app/2.1.2/questions-answers-details.html]
[byrushan.com/projects/super-admin/app/2.1.2/login.html]
[byrushan.com/projects/super-admin/app/2.1.2/lockscreen.html]
[byrushan.com/projects/super-admin/app/2.1.2/404.html]
[byrushan.com/projects/super-admin/app/2.1.2/empty.html]
[byrushan.com/projects/super-admin/app/2.1.2/todos.html]
[byrushan.com/projects/super-admin/app/2.1.2/fonts/nunito/nunito-regulard41d.html]
[byrushan.com/projects/super-admin/app/2.1.2/fonts/nunito/nunito-regular.svg]
[byrushan.com/projects/super-admin/app/2.1.2/fonts/nunito/nunito-semibold.svg]
[byrushan.com/projects/super-admin/app/2.1.2/fonts/nunito/nunito-bold.svg]
[byrushan.com/projects/super-admin/app/2.1.2/vendors/bower_components/jqTree/jqtree.css]
[byrushan.com/projects/super-admin/app/2.1.2/vendors/bower_components/select2/dist/css/select2.min.css]
[byrushan.com/projects/super-admin/app/2.1.2/vendors/bower_components/dropzone/dist/dropzone.css]
[byrushan.com/projects/super-admin/app/2.1.2/vendors/bower_components/flatpickr/dist/flatpickr.min.css]
[byrushan.com/projects/super-admin/app/2.1.2/vendors/bower_components/nouislider/distribute/nouislider.min.css]
[byrushan.com/projects/super-admin/app/2.1.2/vendors/bower_components/bootstrap-colorpicker/dist/img/bootstrap-colorpicker/saturation.png]
[byrushan.com/projects/super-admin/app/2.1.2/vendors/bower_components/bootstrap-colorpicker/dist/img/bootstrap-colorpicker/hue.png]
[byrushan.com/projects/super-admin/app/2.1.2/vendors/bower_components/bootstrap-colorpicker/dist/img/bootstrap-colorpicker/alpha.png]
[byrushan.com/projects/super-admin/app/2.1.2/vendors/bower_components/bootstrap-colorpicker/dist/img/bootstrap-colorpicker/hue-horizontal.png]
[byrushan.com/projects/super-admin/app/2.1.2/vendors/bower_components/bootstrap-colorpicker/dist/css/bootstrap-colorpicker.css]
[byrushan.com/projects/super-admin/app/2.1.2/vendors/bower_components/trumbowyg/dist/ui/trumbowyg.min.css]
[byrushan.com/projects/super-admin/app/2.1.2/vendors/bower_components/rateYo/min/jquery.rateyo.min.css]
[byrushan.com/projects/super-admin/app/2.1.2/demo/css/demo.css]
[byrushan.com/projects/super-admin/app/2.1.2/vendors/bower_components/sweetalert2/dist/sweetalert2.min.css]
[byrushan.com/projects/super-admin/app/2.1.2/vendors/bower_components/bootstrap-colorpicker/dist/img/bootstrap-colorpicker/alpha-horizontal.png]
[byrushan.com/projects/super-admin/app/2.1.2/vendors/bower_components/lightgallery/dist/fonts/lgd641.eot]
[byrushan.com/projects/super-admin/app/2.1.2/vendors/bower_components/lightgallery/dist/fonts/lgd41d.eot]
[byrushan.com/projects/super-admin/app/2.1.2/vendors/bower_components/lightgallery/dist/fonts/lgd641.woff]
[byrushan.com/projects/super-admin/app/2.1.2/vendors/bower_components/lightgallery/dist/fonts/lgd641.ttf]
[byrushan.com/projects/super-admin/app/2.1.2/vendors/bower_components/lightgallery/dist/img/vimeo-play.png]
[byrushan.com/projects/super-admin/app/2.1.2/vendors/bower_components/lightgallery/dist/img/video-play.png]
[byrushan.com/projects/super-admin/app/2.1.2/vendors/bower_components/lightgallery/dist/img/youtube-play.png]
[byrushan.com/projects/super-admin/app/2.1.2/vendors/bower_components/lightgallery/dist/css/lightgallery.min.css]
[byrushan.com/projects/super-admin/app/2.1.2/profile-photos.html]
[byrushan.com/projects/super-admin/app/2.1.2/profile-contacts.html]
[byrushan.com/projects/super-admin/app/2.1.2/vendors/bower_components/lightgallery/dist/fonts/lgd641.svg]
[byrushan.com/projects/super-admin/app/2.1.2/vendors/bower_components/lightgallery/dist/img/loading.gif]
